{"/Users/dimitarplamenov/software-engineering/softuni/homeworks/JavaScriptDevelopment/testing/christmasMovies.js": {"path":"/Users/dimitarplamenov/software-engineering/softuni/homeworks/JavaScriptDevelopment/testing/christmasMovies.js","statementMap":{"0":{"start":{"line":3,"column":8},"end":{"line":3,"column":34}},"1":{"start":{"line":4,"column":8},"end":{"line":4,"column":26}},"2":{"start":{"line":5,"column":8},"end":{"line":5,"column":25}},"3":{"start":{"line":9,"column":20},"end":{"line":9,"column":72}},"4":{"start":{"line":9,"column":51},"end":{"line":9,"column":71}},"5":{"start":{"line":10,"column":27},"end":{"line":10,"column":42}},"6":{"start":{"line":12,"column":8},"end":{"line":19,"column":9}},"7":{"start":{"line":13,"column":12},"end":{"line":13,"column":86}},"8":{"start":{"line":14,"column":25},"end":{"line":14,"column":27}},"9":{"start":{"line":15,"column":12},"end":{"line":15,"column":63}},"10":{"start":{"line":15,"column":43},"end":{"line":15,"column":61}},"11":{"start":{"line":16,"column":12},"end":{"line":16,"column":113}},"12":{"start":{"line":18,"column":12},"end":{"line":18,"column":80}},"13":{"start":{"line":23,"column":23},"end":{"line":23,"column":77}},"14":{"start":{"line":23,"column":56},"end":{"line":23,"column":76}},"15":{"start":{"line":25,"column":8},"end":{"line":27,"column":9}},"16":{"start":{"line":26,"column":12},"end":{"line":26,"column":71}},"17":{"start":{"line":28,"column":20},"end":{"line":28,"column":77}},"18":{"start":{"line":28,"column":56},"end":{"line":28,"column":76}},"19":{"start":{"line":29,"column":8},"end":{"line":29,"column":46}},"20":{"start":{"line":30,"column":26},"end":{"line":30,"column":37}},"21":{"start":{"line":31,"column":8},"end":{"line":36,"column":9}},"22":{"start":{"line":32,"column":12},"end":{"line":32,"column":38}},"23":{"start":{"line":33,"column":12},"end":{"line":33,"column":50}},"24":{"start":{"line":35,"column":12},"end":{"line":35,"column":60}},"25":{"start":{"line":41,"column":20},"end":{"line":41,"column":72}},"26":{"start":{"line":41,"column":51},"end":{"line":41,"column":71}},"27":{"start":{"line":42,"column":8},"end":{"line":50,"column":9}},"28":{"start":{"line":43,"column":12},"end":{"line":47,"column":13}},"29":{"start":{"line":44,"column":16},"end":{"line":44,"column":45}},"30":{"start":{"line":46,"column":16},"end":{"line":46,"column":43}},"31":{"start":{"line":49,"column":12},"end":{"line":49,"column":65}},"32":{"start":{"line":54,"column":24},"end":{"line":54,"column":80}},"33":{"start":{"line":54,"column":68},"end":{"line":54,"column":79}},"34":{"start":{"line":55,"column":8},"end":{"line":59,"column":9}},"35":{"start":{"line":56,"column":12},"end":{"line":56,"column":114}},"36":{"start":{"line":58,"column":12},"end":{"line":58,"column":75}},"37":{"start":{"line":63,"column":26},"end":{"line":63,"column":28}},"38":{"start":{"line":64,"column":8},"end":{"line":79,"column":9}},"39":{"start":{"line":65,"column":12},"end":{"line":74,"column":15}},"40":{"start":{"line":66,"column":36},"end":{"line":66,"column":38}},"41":{"start":{"line":67,"column":16},"end":{"line":73,"column":18}},"42":{"start":{"line":68,"column":20},"end":{"line":72,"column":21}},"43":{"start":{"line":69,"column":24},"end":{"line":69,"column":45}},"44":{"start":{"line":71,"column":24},"end":{"line":71,"column":47}},"45":{"start":{"line":75,"column":27},"end":{"line":75,"column":82}},"46":{"start":{"line":75,"column":70},"end":{"line":75,"column":81}},"47":{"start":{"line":76,"column":12},"end":{"line":76,"column":106}},"48":{"start":{"line":78,"column":12},"end":{"line":78,"column":74}},"49":{"start":{"line":100,"column":0},"end":{"line":100,"column":33}}},"fnMap":{"0":{"name":"(anonymous_0)","decl":{"start":{"line":2,"column":4},"end":{"line":2,"column":5}},"loc":{"start":{"line":2,"column":18},"end":{"line":6,"column":5}},"line":2},"1":{"name":"(anonymous_1)","decl":{"start":{"line":8,"column":4},"end":{"line":8,"column":5}},"loc":{"start":{"line":8,"column":32},"end":{"line":20,"column":5}},"line":8},"2":{"name":"(anonymous_2)","decl":{"start":{"line":9,"column":46},"end":{"line":9,"column":47}},"loc":{"start":{"line":9,"column":51},"end":{"line":9,"column":71}},"line":9},"3":{"name":"(anonymous_3)","decl":{"start":{"line":15,"column":34},"end":{"line":15,"column":35}},"loc":{"start":{"line":15,"column":43},"end":{"line":15,"column":61}},"line":15},"4":{"name":"(anonymous_4)","decl":{"start":{"line":22,"column":4},"end":{"line":22,"column":5}},"loc":{"start":{"line":22,"column":28},"end":{"line":38,"column":5}},"line":22},"5":{"name":"(anonymous_5)","decl":{"start":{"line":23,"column":51},"end":{"line":23,"column":52}},"loc":{"start":{"line":23,"column":56},"end":{"line":23,"column":76}},"line":23},"6":{"name":"(anonymous_6)","decl":{"start":{"line":28,"column":51},"end":{"line":28,"column":52}},"loc":{"start":{"line":28,"column":56},"end":{"line":28,"column":76}},"line":28},"7":{"name":"(anonymous_7)","decl":{"start":{"line":40,"column":4},"end":{"line":40,"column":5}},"loc":{"start":{"line":40,"column":26},"end":{"line":51,"column":5}},"line":40},"8":{"name":"(anonymous_8)","decl":{"start":{"line":41,"column":46},"end":{"line":41,"column":47}},"loc":{"start":{"line":41,"column":51},"end":{"line":41,"column":71}},"line":41},"9":{"name":"(anonymous_9)","decl":{"start":{"line":53,"column":4},"end":{"line":53,"column":5}},"loc":{"start":{"line":53,"column":21},"end":{"line":60,"column":5}},"line":53},"10":{"name":"(anonymous_10)","decl":{"start":{"line":54,"column":58},"end":{"line":54,"column":59}},"loc":{"start":{"line":54,"column":68},"end":{"line":54,"column":79}},"line":54},"11":{"name":"(anonymous_11)","decl":{"start":{"line":62,"column":4},"end":{"line":62,"column":5}},"loc":{"start":{"line":62,"column":23},"end":{"line":80,"column":5}},"line":62},"12":{"name":"(anonymous_12)","decl":{"start":{"line":65,"column":41},"end":{"line":65,"column":42}},"loc":{"start":{"line":65,"column":47},"end":{"line":74,"column":13}},"line":65},"13":{"name":"(anonymous_13)","decl":{"start":{"line":67,"column":31},"end":{"line":67,"column":32}},"loc":{"start":{"line":67,"column":40},"end":{"line":73,"column":17}},"line":67},"14":{"name":"(anonymous_14)","decl":{"start":{"line":75,"column":60},"end":{"line":75,"column":61}},"loc":{"start":{"line":75,"column":70},"end":{"line":75,"column":81}},"line":75}},"branchMap":{"0":{"loc":{"start":{"line":12,"column":8},"end":{"line":19,"column":9}},"type":"if","locations":[{"start":{"line":12,"column":8},"end":{"line":19,"column":9}},{"start":{"line":12,"column":8},"end":{"line":19,"column":9}}],"line":12},"1":{"loc":{"start":{"line":25,"column":8},"end":{"line":27,"column":9}},"type":"if","locations":[{"start":{"line":25,"column":8},"end":{"line":27,"column":9}},{"start":{"line":25,"column":8},"end":{"line":27,"column":9}}],"line":25},"2":{"loc":{"start":{"line":31,"column":8},"end":{"line":36,"column":9}},"type":"if","locations":[{"start":{"line":31,"column":8},"end":{"line":36,"column":9}},{"start":{"line":31,"column":8},"end":{"line":36,"column":9}}],"line":31},"3":{"loc":{"start":{"line":42,"column":8},"end":{"line":50,"column":9}},"type":"if","locations":[{"start":{"line":42,"column":8},"end":{"line":50,"column":9}},{"start":{"line":42,"column":8},"end":{"line":50,"column":9}}],"line":42},"4":{"loc":{"start":{"line":43,"column":12},"end":{"line":47,"column":13}},"type":"if","locations":[{"start":{"line":43,"column":12},"end":{"line":47,"column":13}},{"start":{"line":43,"column":12},"end":{"line":47,"column":13}}],"line":43},"5":{"loc":{"start":{"line":55,"column":8},"end":{"line":59,"column":9}},"type":"if","locations":[{"start":{"line":55,"column":8},"end":{"line":59,"column":9}},{"start":{"line":55,"column":8},"end":{"line":59,"column":9}}],"line":55},"6":{"loc":{"start":{"line":64,"column":8},"end":{"line":79,"column":9}},"type":"if","locations":[{"start":{"line":64,"column":8},"end":{"line":79,"column":9}},{"start":{"line":64,"column":8},"end":{"line":79,"column":9}}],"line":64},"7":{"loc":{"start":{"line":68,"column":20},"end":{"line":72,"column":21}},"type":"if","locations":[{"start":{"line":68,"column":20},"end":{"line":72,"column":21}},{"start":{"line":68,"column":20},"end":{"line":72,"column":21}}],"line":68}},"s":{"0":6,"1":6,"2":6,"3":6,"4":1,"5":6,"6":6,"7":5,"8":5,"9":5,"10":9,"11":5,"12":1,"13":0,"14":0,"15":0,"16":0,"17":0,"18":0,"19":0,"20":0,"21":0,"22":0,"23":0,"24":0,"25":0,"26":0,"27":0,"28":0,"29":0,"30":0,"31":0,"32":0,"33":0,"34":0,"35":0,"36":0,"37":0,"38":0,"39":0,"40":0,"41":0,"42":0,"43":0,"44":0,"45":0,"46":0,"47":0,"48":0,"49":1},"f":{"0":6,"1":6,"2":1,"3":9,"4":0,"5":0,"6":0,"7":0,"8":0,"9":0,"10":0,"11":0,"12":0,"13":0,"14":0},"b":{"0":[5,1],"1":[0,0],"2":[0,0],"3":[0,0],"4":[0,0],"5":[0,0],"6":[0,0],"7":[0,0]},"_coverageSchema":"1a1c01bbd47fc00a2c39e90264f33305004495a9","hash":"83568fb7ab783da354ec911466464deb5868877b"}
}
